<?xml version="1.0" encoding="UTF-8"?>
<!-- Generated by org.testng.reporters.JUnitXMLReporter -->
<testsuite ignored="4" hostname="laptop" failures="0" tests="1" name="Default test" time="16.08" errors="0" timestamp="17 Oct 2022 12:43:40 GMT">
  <testcase classname="com.freecrm.testcases.HomePageTest" name="verifyTitle" time="0.028"/>
  <testcase classname="com.freecrm.testcases.HomePageTest" name="verifyCalendarPage" time="0.0">
    <ignored/>
  </testcase> <!-- verifyCalendarPage -->
  <testcase classname="com.freecrm.testcases.HomePageTest" name="verifyCompaniesPage" time="0.0">
    <ignored/>
  </testcase> <!-- verifyCompaniesPage -->
  <testcase classname="com.freecrm.testcases.HomePageTest" name="moveToContactsPage" time="0.0">
    <ignored/>
  </testcase> <!-- moveToContactsPage -->
  <testcase classname="com.freecrm.testcases.HomePageTest" name="verifyUserNameDisplayed" time="0.0">
    <ignored/>
  </testcase> <!-- verifyUserNameDisplayed -->
</testsuite> <!-- Default test -->
