<?xml version="1.0" encoding="UTF-8"?>
<testng-results ignored="4" total="5" passed="1" failed="0" skipped="0">
  <reporter-output>
  </reporter-output>
  <suite started-at="2022-10-17T12:43:24Z" name="Default suite" finished-at="2022-10-17T12:43:40Z" duration-ms="16080">
    <groups>
    </groups>
    <test started-at="2022-10-17T12:43:24Z" name="Default test" finished-at="2022-10-17T12:43:40Z" duration-ms="16080">
      <class name="com.freecrm.testcases.HomePageTest">
        <test-method is-config="true" signature="setup()[pri:0, instance:com.freecrm.testcases.HomePageTest@54657dd2]" started-at="2022-10-17T18:13:24Z" name="setup" finished-at="2022-10-17T18:13:40Z" duration-ms="15860" status="PASS">
          <reporter-output>
          </reporter-output>
        </test-method> <!-- setup -->
        <test-method signature="verifyTitle()[pri:2, instance:com.freecrm.testcases.HomePageTest@54657dd2]" started-at="2022-10-17T18:13:40Z" name="verifyTitle" finished-at="2022-10-17T18:13:40Z" duration-ms="28" status="PASS">
          <reporter-output>
          </reporter-output>
        </test-method> <!-- verifyTitle -->
        <test-method is-config="true" signature="tearDown()[pri:0, instance:com.freecrm.testcases.HomePageTest@54657dd2]" started-at="2022-10-17T18:13:40Z" name="tearDown" finished-at="2022-10-17T18:13:40Z" duration-ms="103" status="PASS">
          <reporter-output>
          </reporter-output>
        </test-method> <!-- tearDown -->
      </class> <!-- com.freecrm.testcases.HomePageTest -->
    </test> <!-- Default test -->
  </suite> <!-- Default suite -->
</testng-results>
